<?xml version="1.0" encoding="UTF-8"?>
<!-- Generated by org.testng.reporters.JUnitReportReporter -->
<testsuite skipped="0" hostname="BabithaShyam" name="Healthmanagement.Test.Healthtest" tests="2" failures="0" timestamp="2022-08-08T17:48:51 GST" time="8.818" errors="0">
  <testcase name="band" time="8.632" classname="Healthmanagement.Test.Healthtest"/>
  <system-out/>
  <testcase name="Homevalidation" time="0.186" classname="Healthmanagement.Test.Healthtest"/>
  <system-out/>
</testsuite> <!-- Healthmanagement.Test.Healthtest -->
